<?xml version="1.0" encoding="UTF-8"?>
<coverage generated="1700679762817" clover="3.2.0">
  <project timestamp="1700679762817" name="All files">
    <metrics statements="41" coveredstatements="41" conditionals="18" coveredconditionals="16" methods="8" coveredmethods="8" elements="67" coveredelements="65" complexity="0" loc="41" ncloc="41" packages="2" files="3" classes="3"/>
    <package name="components">
      <metrics statements="36" coveredstatements="36" conditionals="18" coveredconditionals="16" methods="7" coveredmethods="7"/>
      <file name="LatestLaunch.tsx" path="/Users/lewis/Desktop/Projects/Space-Xplore/src/components/LatestLaunch.tsx">
        <metrics statements="7" coveredstatements="7" conditionals="0" coveredconditionals="0" methods="2" coveredmethods="2"/>
        <line num="7" count="2" type="stmt"/>
        <line num="10" count="3" type="stmt"/>
        <line num="11" count="3" type="stmt"/>
        <line num="13" count="3" type="stmt"/>
        <line num="16" count="3" type="stmt"/>
        <line num="18" count="3" type="stmt"/>
        <line num="29" count="2" type="stmt"/>
      </file>
      <file name="LaunchTable.tsx" path="/Users/lewis/Desktop/Projects/Space-Xplore/src/components/LaunchTable.tsx">
        <metrics statements="29" coveredstatements="29" conditionals="18" coveredconditionals="16" methods="5" coveredmethods="5"/>
        <line num="5" count="2" type="stmt"/>
        <line num="6" count="2" type="stmt"/>
        <line num="7" count="2" type="stmt"/>
        <line num="8" count="2" type="stmt"/>
        <line num="9" count="2" type="stmt"/>
        <line num="10" count="2" type="stmt"/>
        <line num="11" count="2" type="stmt"/>
        <line num="12" count="2" type="stmt"/>
        <line num="13" count="2" type="stmt"/>
        <line num="14" count="2" type="stmt"/>
        <line num="15" count="2" type="stmt"/>
        <line num="16" count="2" type="stmt"/>
        <line num="18" count="2" type="stmt"/>
        <line num="19" count="2" type="stmt"/>
        <line num="25" count="2" type="stmt"/>
        <line num="37" count="2" type="stmt"/>
        <line num="43" count="2" type="stmt"/>
        <line num="45" count="7" type="stmt"/>
        <line num="46" count="7" type="stmt"/>
        <line num="48" count="7" type="stmt"/>
        <line num="49" count="2" type="stmt"/>
        <line num="52" count="7" type="stmt"/>
        <line num="53" count="1" type="stmt"/>
        <line num="56" count="7" type="stmt"/>
        <line num="97" count="9" type="stmt"/>
        <line num="108" count="2" type="stmt"/>
        <line num="109" count="2" type="stmt"/>
        <line num="110" count="2" type="stmt"/>
        <line num="125" count="2" type="stmt"/>
      </file>
    </package>
    <package name="pages">
      <metrics statements="5" coveredstatements="5" conditionals="0" coveredconditionals="0" methods="1" coveredmethods="1"/>
      <file name="Landing.tsx" path="/Users/lewis/Desktop/Projects/Space-Xplore/src/pages/Landing.tsx">
        <metrics statements="5" coveredstatements="5" conditionals="0" coveredconditionals="0" methods="1" coveredmethods="1"/>
        <line num="2" count="1" type="stmt"/>
        <line num="3" count="1" type="stmt"/>
        <line num="10" count="1" type="stmt"/>
        <line num="12" count="2" type="stmt"/>
        <line num="24" count="1" type="stmt"/>
      </file>
    </package>
  </project>
</coverage>
