<?xml version="1.0" encoding="UTF-8"?>
<coverage generated="1700668611437" clover="3.2.0">
  <project timestamp="1700668611437" name="All files">
    <metrics statements="38" coveredstatements="32" conditionals="18" coveredconditionals="9" methods="9" coveredmethods="5" elements="65" coveredelements="46" complexity="0" loc="38" ncloc="38" packages="2" files="3" classes="3"/>
    <package name="components">
      <metrics statements="33" coveredstatements="27" conditionals="18" coveredconditionals="9" methods="8" coveredmethods="4"/>
      <file name="LatestLaunch.tsx" path="C:\Users\lewis\OneDrive\Desktop\Projects\space-Xplore\src\components\LatestLaunch.tsx">
        <metrics statements="7" coveredstatements="7" conditionals="0" coveredconditionals="0" methods="2" coveredmethods="2"/>
        <line num="7" count="2" type="stmt"/>
        <line num="10" count="2" type="stmt"/>
        <line num="11" count="2" type="stmt"/>
        <line num="13" count="2" type="stmt"/>
        <line num="16" count="2" type="stmt"/>
        <line num="18" count="2" type="stmt"/>
        <line num="29" count="2" type="stmt"/>
      </file>
      <file name="LaunchTable.tsx" path="C:\Users\lewis\OneDrive\Desktop\Projects\space-Xplore\src\components\LaunchTable.tsx">
        <metrics statements="26" coveredstatements="20" conditionals="18" coveredconditionals="9" methods="6" coveredmethods="2"/>
        <line num="5" count="1" type="stmt"/>
        <line num="6" count="1" type="stmt"/>
        <line num="7" count="1" type="stmt"/>
        <line num="8" count="1" type="stmt"/>
        <line num="9" count="1" type="stmt"/>
        <line num="10" count="1" type="stmt"/>
        <line num="11" count="1" type="stmt"/>
        <line num="12" count="1" type="stmt"/>
        <line num="13" count="1" type="stmt"/>
        <line num="14" count="1" type="stmt"/>
        <line num="16" count="1" type="stmt"/>
        <line num="22" count="1" type="stmt"/>
        <line num="34" count="1" type="stmt"/>
        <line num="36" count="1" type="stmt"/>
        <line num="37" count="1" type="stmt"/>
        <line num="39" count="1" type="stmt"/>
        <line num="40" count="0" type="stmt"/>
        <line num="43" count="1" type="stmt"/>
        <line num="44" count="0" type="stmt"/>
        <line num="47" count="1" type="stmt"/>
        <line num="84" count="2" type="stmt"/>
        <line num="85" count="0" type="stmt"/>
        <line num="95" count="0" type="stmt"/>
        <line num="96" count="0" type="stmt"/>
        <line num="97" count="0" type="stmt"/>
        <line num="111" count="1" type="stmt"/>
      </file>
    </package>
    <package name="pages">
      <metrics statements="5" coveredstatements="5" conditionals="0" coveredconditionals="0" methods="1" coveredmethods="1"/>
      <file name="Landing.tsx" path="C:\Users\lewis\OneDrive\Desktop\Projects\space-Xplore\src\pages\Landing.tsx">
        <metrics statements="5" coveredstatements="5" conditionals="0" coveredconditionals="0" methods="1" coveredmethods="1"/>
        <line num="2" count="1" type="stmt"/>
        <line num="3" count="1" type="stmt"/>
        <line num="10" count="1" type="stmt"/>
        <line num="12" count="1" type="stmt"/>
        <line num="24" count="1" type="stmt"/>
      </file>
    </package>
  </project>
</coverage>
