{"/Users/lewis/Desktop/Projects/Space-Xplore/src/components/LatestLaunch.tsx": {"path":"/Users/lewis/Desktop/Projects/Space-Xplore/src/components/LatestLaunch.tsx","statementMap":{"0":{"start":{"line":7,"column":21},"end":{"line":27,"column":1}},"1":{"start":{"line":10,"column":17},"end":{"line":10,"column":53}},"2":{"start":{"line":11,"column":17},"end":{"line":11,"column":53}},"3":{"start":{"line":13,"column":4},"end":{"line":13,"column":26}},"4":{"start":{"line":16,"column":22},"end":{"line":16,"column":63}},"5":{"start":{"line":18,"column":2},"end":{"line":26,"column":null}},"6":{"start":{"line":29,"column":0},"end":{"line":29,"column":null}}},"fnMap":{"0":{"name":"(anonymous_0)","decl":{"start":{"line":7,"column":21},"end":{"line":7,"column":22}},"loc":{"start":{"line":7,"column":59},"end":{"line":27,"column":1}}},"1":{"name":"formatDate","decl":{"start":{"line":9,"column":11},"end":{"line":9,"column":21}},"loc":{"start":{"line":9,"column":36},"end":{"line":14,"column":1}}}},"branchMap":{},"s":{"0":2,"1":3,"2":3,"3":3,"4":3,"5":3,"6":2},"f":{"0":3,"1":3},"b":{}}
,"/Users/lewis/Desktop/Projects/Space-Xplore/src/components/LaunchTable.tsx": {"path":"/Users/lewis/Desktop/Projects/Space-Xplore/src/components/LaunchTable.tsx","statementMap":{"0":{"start":{"line":5,"column":0},"end":{"line":5,"column":40}},"1":{"start":{"line":6,"column":0},"end":{"line":6,"column":48}},"2":{"start":{"line":7,"column":0},"end":{"line":7,"column":48}},"3":{"start":{"line":8,"column":0},"end":{"line":8,"column":58}},"4":{"start":{"line":9,"column":0},"end":{"line":9,"column":48}},"5":{"start":{"line":10,"column":0},"end":{"line":10,"column":46}},"6":{"start":{"line":11,"column":0},"end":{"line":11,"column":40}},"7":{"start":{"line":12,"column":0},"end":{"line":12,"column":36}},"8":{"start":{"line":13,"column":0},"end":{"line":13,"column":50}},"9":{"start":{"line":14,"column":0},"end":{"line":14,"column":40}},"10":{"start":{"line":15,"column":0},"end":{"line":15,"column":66}},"11":{"start":{"line":16,"column":0},"end":{"line":16,"column":52}},"12":{"start":{"line":18,"column":0},"end":{"line":18,"column":33}},"13":{"start":{"line":19,"column":0},"end":{"line":19,"column":39}},"14":{"start":{"line":25,"column":16},"end":{"line":35,"column":4}},"15":{"start":{"line":37,"column":20},"end":{"line":41,"column":4}},"16":{"start":{"line":43,"column":22},"end":{"line":123,"column":1}},"17":{"start":{"line":45,"column":28},"end":{"line":45,"column":43}},"18":{"start":{"line":46,"column":48},"end":{"line":46,"column":70}},"19":{"start":{"line":48,"column":23},"end":{"line":50,"column":5}},"20":{"start":{"line":49,"column":6},"end":{"line":49,"column":20}},"21":{"start":{"line":52,"column":24},"end":{"line":54,"column":5}},"22":{"start":{"line":53,"column":6},"end":{"line":53,"column":null}},"23":{"start":{"line":56,"column":2},"end":{"line":122,"column":null}},"24":{"start":{"line":97,"column":24},"end":{"line":97,"column":null}},"25":{"start":{"line":108,"column":34},"end":{"line":108,"column":null}},"26":{"start":{"line":109,"column":34},"end":{"line":109,"column":null}},"27":{"start":{"line":110,"column":34},"end":{"line":110,"column":null}},"28":{"start":{"line":125,"column":0},"end":{"line":125,"column":null}}},"fnMap":{"0":{"name":"(anonymous_1)","decl":{"start":{"line":43,"column":22},"end":{"line":43,"column":23}},"loc":{"start":{"line":43,"column":67},"end":{"line":123,"column":1}}},"1":{"name":"(anonymous_2)","decl":{"start":{"line":48,"column":23},"end":{"line":48,"column":26}},"loc":{"start":{"line":48,"column":28},"end":{"line":50,"column":5}}},"2":{"name":"(anonymous_3)","decl":{"start":{"line":52,"column":24},"end":{"line":52,"column":27}},"loc":{"start":{"line":52,"column":29},"end":{"line":54,"column":5}}},"3":{"name":"(anonymous_4)","decl":{"start":{"line":96,"column":44},"end":{"line":96,"column":45}},"loc":{"start":{"line":97,"column":24},"end":{"line":97,"column":null}}},"4":{"name":"(anonymous_5)","decl":{"start":{"line":107,"column":41},"end":{"line":107,"column":44}},"loc":{"start":{"line":107,"column":46},"end":{"line":111,"column":33}}}},"branchMap":{"0":{"loc":{"start":{"line":71,"column":80},"end":{"line":71,"column":117}},"type":"binary-expr","locations":[{"start":{"line":71,"column":80},"end":{"line":71,"column":94}},{"start":{"line":71,"column":98},"end":{"line":71,"column":117}}]},"1":{"loc":{"start":{"line":72,"column":80},"end":{"line":72,"column":138}},"type":"binary-expr","locations":[{"start":{"line":72,"column":80},"end":{"line":72,"column":94}},{"start":{"line":72,"column":98},"end":{"line":72,"column":138}}]},"2":{"loc":{"start":{"line":73,"column":78},"end":{"line":73,"column":117}},"type":"binary-expr","locations":[{"start":{"line":73,"column":78},"end":{"line":73,"column":92}},{"start":{"line":73,"column":96},"end":{"line":73,"column":117}}]},"3":{"loc":{"start":{"line":74,"column":81},"end":{"line":74,"column":123}},"type":"binary-expr","locations":[{"start":{"line":74,"column":81},"end":{"line":74,"column":95}},{"start":{"line":74,"column":99},"end":{"line":74,"column":123}}]},"4":{"loc":{"start":{"line":75,"column":76},"end":{"line":75,"column":133}},"type":"binary-expr","locations":[{"start":{"line":75,"column":76},"end":{"line":75,"column":90}},{"start":{"line":75,"column":94},"end":{"line":75,"column":133}}]},"5":{"loc":{"start":{"line":76,"column":76},"end":{"line":76,"column":116}},"type":"binary-expr","locations":[{"start":{"line":76,"column":76},"end":{"line":76,"column":90}},{"start":{"line":76,"column":94},"end":{"line":76,"column":116}}]},"6":{"loc":{"start":{"line":77,"column":75},"end":{"line":77,"column":121}},"type":"binary-expr","locations":[{"start":{"line":77,"column":75},"end":{"line":77,"column":89}},{"start":{"line":77,"column":93},"end":{"line":77,"column":121}}]},"7":{"loc":{"start":{"line":102,"column":55},"end":{"line":102,"column":84}},"type":"binary-expr","locations":[{"start":{"line":102,"column":55},"end":{"line":102,"column":75}},{"start":{"line":102,"column":79},"end":{"line":102,"column":84}}]},"8":{"loc":{"start":{"line":103,"column":53},"end":{"line":103,"column":94}},"type":"binary-expr","locations":[{"start":{"line":103,"column":53},"end":{"line":103,"column":67}},{"start":{"line":103,"column":71},"end":{"line":103,"column":94}}]}},"s":{"0":2,"1":2,"2":2,"3":2,"4":2,"5":2,"6":2,"7":2,"8":2,"9":2,"10":2,"11":2,"12":2,"13":2,"14":2,"15":2,"16":2,"17":7,"18":7,"19":7,"20":2,"21":7,"22":1,"23":7,"24":9,"25":2,"26":2,"27":2,"28":2},"f":{"0":7,"1":2,"2":1,"3":9,"4":2},"b":{"0":[7,3],"1":[7,3],"2":[7,3],"3":[7,3],"4":[7,3],"5":[7,3],"6":[7,3],"7":[9,0],"8":[9,0]}}
,"/Users/lewis/Desktop/Projects/Space-Xplore/src/pages/Landing.tsx": {"path":"/Users/lewis/Desktop/Projects/Space-Xplore/src/pages/Landing.tsx","statementMap":{"0":{"start":{"line":2,"column":0},"end":{"line":2,"column":54}},"1":{"start":{"line":3,"column":0},"end":{"line":3,"column":52}},"2":{"start":{"line":10,"column":16},"end":{"line":22,"column":1}},"3":{"start":{"line":12,"column":4},"end":{"line":21,"column":6}},"4":{"start":{"line":24,"column":0},"end":{"line":24,"column":23}}},"fnMap":{"0":{"name":"(anonymous_1)","decl":{"start":{"line":10,"column":16},"end":{"line":10,"column":17}},"loc":{"start":{"line":10,"column":67},"end":{"line":22,"column":1}}}},"branchMap":{},"s":{"0":1,"1":1,"2":1,"3":2,"4":1},"f":{"0":2},"b":{}}
}
