{"C:\\Users\\lewis\\OneDrive\\Desktop\\Projects\\space-Xplore\\src\\components\\LatestLaunch.tsx": {"path":"C:\\Users\\lewis\\OneDrive\\Desktop\\Projects\\space-Xplore\\src\\components\\LatestLaunch.tsx","statementMap":{"0":{"start":{"line":7,"column":21},"end":{"line":27,"column":1}},"1":{"start":{"line":10,"column":17},"end":{"line":10,"column":53}},"2":{"start":{"line":11,"column":17},"end":{"line":11,"column":53}},"3":{"start":{"line":13,"column":4},"end":{"line":13,"column":26}},"4":{"start":{"line":16,"column":22},"end":{"line":16,"column":63}},"5":{"start":{"line":18,"column":2},"end":{"line":26,"column":null}},"6":{"start":{"line":29,"column":0},"end":{"line":29,"column":null}}},"fnMap":{"0":{"name":"(anonymous_0)","decl":{"start":{"line":7,"column":21},"end":{"line":7,"column":22}},"loc":{"start":{"line":7,"column":59},"end":{"line":27,"column":1}}},"1":{"name":"formatDate","decl":{"start":{"line":9,"column":11},"end":{"line":9,"column":21}},"loc":{"start":{"line":9,"column":36},"end":{"line":14,"column":1}}}},"branchMap":{},"s":{"0":2,"1":2,"2":2,"3":2,"4":2,"5":2,"6":2},"f":{"0":2,"1":2},"b":{}}
,"C:\\Users\\lewis\\OneDrive\\Desktop\\Projects\\space-Xplore\\src\\components\\LaunchTable.tsx": {"path":"C:\\Users\\lewis\\OneDrive\\Desktop\\Projects\\space-Xplore\\src\\components\\LaunchTable.tsx","statementMap":{"0":{"start":{"line":5,"column":0},"end":{"line":5,"column":40}},"1":{"start":{"line":6,"column":0},"end":{"line":6,"column":48}},"2":{"start":{"line":7,"column":0},"end":{"line":7,"column":48}},"3":{"start":{"line":8,"column":0},"end":{"line":8,"column":58}},"4":{"start":{"line":9,"column":0},"end":{"line":9,"column":48}},"5":{"start":{"line":10,"column":0},"end":{"line":10,"column":46}},"6":{"start":{"line":11,"column":0},"end":{"line":11,"column":40}},"7":{"start":{"line":12,"column":0},"end":{"line":12,"column":36}},"8":{"start":{"line":13,"column":0},"end":{"line":13,"column":50}},"9":{"start":{"line":14,"column":0},"end":{"line":14,"column":40}},"10":{"start":{"line":16,"column":0},"end":{"line":16,"column":33}},"11":{"start":{"line":22,"column":16},"end":{"line":32,"column":4}},"12":{"start":{"line":34,"column":20},"end":{"line":109,"column":1}},"13":{"start":{"line":36,"column":28},"end":{"line":36,"column":43}},"14":{"start":{"line":37,"column":48},"end":{"line":37,"column":70}},"15":{"start":{"line":39,"column":23},"end":{"line":41,"column":5}},"16":{"start":{"line":40,"column":6},"end":{"line":40,"column":20}},"17":{"start":{"line":43,"column":24},"end":{"line":45,"column":5}},"18":{"start":{"line":44,"column":6},"end":{"line":44,"column":null}},"19":{"start":{"line":47,"column":2},"end":{"line":108,"column":null}},"20":{"start":{"line":84,"column":24},"end":{"line":84,"column":null}},"21":{"start":{"line":85,"column":82},"end":{"line":85,"column":102}},"22":{"start":{"line":95,"column":34},"end":{"line":95,"column":null}},"23":{"start":{"line":96,"column":34},"end":{"line":96,"column":null}},"24":{"start":{"line":97,"column":34},"end":{"line":97,"column":null}},"25":{"start":{"line":111,"column":0},"end":{"line":111,"column":null}}},"fnMap":{"0":{"name":"(anonymous_1)","decl":{"start":{"line":34,"column":20},"end":{"line":34,"column":21}},"loc":{"start":{"line":34,"column":65},"end":{"line":109,"column":1}}},"1":{"name":"(anonymous_2)","decl":{"start":{"line":39,"column":23},"end":{"line":39,"column":26}},"loc":{"start":{"line":39,"column":28},"end":{"line":41,"column":5}}},"2":{"name":"(anonymous_3)","decl":{"start":{"line":43,"column":24},"end":{"line":43,"column":27}},"loc":{"start":{"line":43,"column":29},"end":{"line":45,"column":5}}},"3":{"name":"(anonymous_4)","decl":{"start":{"line":83,"column":44},"end":{"line":83,"column":45}},"loc":{"start":{"line":84,"column":24},"end":{"line":84,"column":null}}},"4":{"name":"(anonymous_5)","decl":{"start":{"line":85,"column":75},"end":{"line":85,"column":78}},"loc":{"start":{"line":85,"column":80},"end":{"line":85,"column":102}}},"5":{"name":"(anonymous_6)","decl":{"start":{"line":94,"column":41},"end":{"line":94,"column":44}},"loc":{"start":{"line":94,"column":46},"end":{"line":98,"column":33}}}},"branchMap":{"0":{"loc":{"start":{"line":58,"column":80},"end":{"line":58,"column":117}},"type":"binary-expr","locations":[{"start":{"line":58,"column":80},"end":{"line":58,"column":94}},{"start":{"line":58,"column":98},"end":{"line":58,"column":117}}]},"1":{"loc":{"start":{"line":59,"column":80},"end":{"line":59,"column":138}},"type":"binary-expr","locations":[{"start":{"line":59,"column":80},"end":{"line":59,"column":94}},{"start":{"line":59,"column":98},"end":{"line":59,"column":138}}]},"2":{"loc":{"start":{"line":60,"column":78},"end":{"line":60,"column":117}},"type":"binary-expr","locations":[{"start":{"line":60,"column":78},"end":{"line":60,"column":92}},{"start":{"line":60,"column":96},"end":{"line":60,"column":117}}]},"3":{"loc":{"start":{"line":61,"column":81},"end":{"line":61,"column":123}},"type":"binary-expr","locations":[{"start":{"line":61,"column":81},"end":{"line":61,"column":95}},{"start":{"line":61,"column":99},"end":{"line":61,"column":123}}]},"4":{"loc":{"start":{"line":62,"column":76},"end":{"line":62,"column":133}},"type":"binary-expr","locations":[{"start":{"line":62,"column":76},"end":{"line":62,"column":90}},{"start":{"line":62,"column":94},"end":{"line":62,"column":133}}]},"5":{"loc":{"start":{"line":63,"column":76},"end":{"line":63,"column":116}},"type":"binary-expr","locations":[{"start":{"line":63,"column":76},"end":{"line":63,"column":90}},{"start":{"line":63,"column":94},"end":{"line":63,"column":116}}]},"6":{"loc":{"start":{"line":64,"column":75},"end":{"line":64,"column":121}},"type":"binary-expr","locations":[{"start":{"line":64,"column":75},"end":{"line":64,"column":89}},{"start":{"line":64,"column":93},"end":{"line":64,"column":121}}]},"7":{"loc":{"start":{"line":89,"column":55},"end":{"line":89,"column":84}},"type":"binary-expr","locations":[{"start":{"line":89,"column":55},"end":{"line":89,"column":75}},{"start":{"line":89,"column":79},"end":{"line":89,"column":84}}]},"8":{"loc":{"start":{"line":90,"column":53},"end":{"line":90,"column":94}},"type":"binary-expr","locations":[{"start":{"line":90,"column":53},"end":{"line":90,"column":67}},{"start":{"line":90,"column":71},"end":{"line":90,"column":94}}]}},"s":{"0":1,"1":1,"2":1,"3":1,"4":1,"5":1,"6":1,"7":1,"8":1,"9":1,"10":1,"11":1,"12":1,"13":1,"14":1,"15":1,"16":0,"17":1,"18":0,"19":1,"20":2,"21":0,"22":0,"23":0,"24":0,"25":1},"f":{"0":1,"1":0,"2":0,"3":2,"4":0,"5":0},"b":{"0":[1,0],"1":[1,0],"2":[1,0],"3":[1,0],"4":[1,0],"5":[1,0],"6":[1,0],"7":[2,0],"8":[2,0]}}
,"C:\\Users\\lewis\\OneDrive\\Desktop\\Projects\\space-Xplore\\src\\pages\\Landing.tsx": {"path":"C:\\Users\\lewis\\OneDrive\\Desktop\\Projects\\space-Xplore\\src\\pages\\Landing.tsx","statementMap":{"0":{"start":{"line":2,"column":0},"end":{"line":2,"column":54}},"1":{"start":{"line":3,"column":0},"end":{"line":3,"column":52}},"2":{"start":{"line":10,"column":16},"end":{"line":22,"column":1}},"3":{"start":{"line":12,"column":4},"end":{"line":21,"column":6}},"4":{"start":{"line":24,"column":0},"end":{"line":24,"column":23}}},"fnMap":{"0":{"name":"(anonymous_1)","decl":{"start":{"line":10,"column":16},"end":{"line":10,"column":17}},"loc":{"start":{"line":10,"column":67},"end":{"line":22,"column":1}}}},"branchMap":{},"s":{"0":1,"1":1,"2":1,"3":1,"4":1},"f":{"0":1},"b":{}}
}
