TN:
SF:src/components/LatestLaunch.tsx
FN:7,(anonymous_0)
FN:9,formatDate
FNF:2
FNH:2
FNDA:3,(anonymous_0)
FNDA:3,formatDate
DA:7,2
DA:10,3
DA:11,3
DA:13,3
DA:16,3
DA:18,3
DA:29,2
LF:7
LH:7
BRF:0
BRH:0
end_of_record
TN:
SF:src/components/LaunchTable.tsx
FN:43,(anonymous_1)
FN:48,(anonymous_2)
FN:52,(anonymous_3)
FN:96,(anonymous_4)
FN:107,(anonymous_5)
FNF:5
FNH:5
FNDA:7,(anonymous_1)
FNDA:2,(anonymous_2)
FNDA:1,(anonymous_3)
FNDA:9,(anonymous_4)
FNDA:2,(anonymous_5)
DA:5,2
DA:6,2
DA:7,2
DA:8,2
DA:9,2
DA:10,2
DA:11,2
DA:12,2
DA:13,2
DA:14,2
DA:15,2
DA:16,2
DA:18,2
DA:19,2
DA:25,2
DA:37,2
DA:43,2
DA:45,7
DA:46,7
DA:48,7
DA:49,2
DA:52,7
DA:53,1
DA:56,7
DA:97,9
DA:108,2
DA:109,2
DA:110,2
DA:125,2
LF:29
LH:29
BRDA:71,0,0,7
BRDA:71,0,1,3
BRDA:72,1,0,7
BRDA:72,1,1,3
BRDA:73,2,0,7
BRDA:73,2,1,3
BRDA:74,3,0,7
BRDA:74,3,1,3
BRDA:75,4,0,7
BRDA:75,4,1,3
BRDA:76,5,0,7
BRDA:76,5,1,3
BRDA:77,6,0,7
BRDA:77,6,1,3
BRDA:102,7,0,9
BRDA:102,7,1,0
BRDA:103,8,0,9
BRDA:103,8,1,0
BRF:18
BRH:16
end_of_record
TN:
SF:src/pages/Landing.tsx
FN:10,(anonymous_1)
FNF:1
FNH:1
FNDA:2,(anonymous_1)
DA:2,1
DA:3,1
DA:10,1
DA:12,2
DA:24,1
LF:5
LH:5
BRF:0
BRH:0
end_of_record
