TN:
SF:src\components\LatestLaunch.tsx
FN:7,(anonymous_0)
FN:9,formatDate
FNF:2
FNH:2
FNDA:2,(anonymous_0)
FNDA:2,formatDate
DA:7,2
DA:10,2
DA:11,2
DA:13,2
DA:16,2
DA:18,2
DA:29,2
LF:7
LH:7
BRF:0
BRH:0
end_of_record
TN:
SF:src\components\LaunchTable.tsx
FN:34,(anonymous_1)
FN:39,(anonymous_2)
FN:43,(anonymous_3)
FN:83,(anonymous_4)
FN:85,(anonymous_5)
FN:94,(anonymous_6)
FNF:6
FNH:2
FNDA:1,(anonymous_1)
FNDA:0,(anonymous_2)
FNDA:0,(anonymous_3)
FNDA:2,(anonymous_4)
FNDA:0,(anonymous_5)
FNDA:0,(anonymous_6)
DA:5,1
DA:6,1
DA:7,1
DA:8,1
DA:9,1
DA:10,1
DA:11,1
DA:12,1
DA:13,1
DA:14,1
DA:16,1
DA:22,1
DA:34,1
DA:36,1
DA:37,1
DA:39,1
DA:40,0
DA:43,1
DA:44,0
DA:47,1
DA:84,2
DA:85,0
DA:95,0
DA:96,0
DA:97,0
DA:111,1
LF:26
LH:20
BRDA:58,0,0,1
BRDA:58,0,1,0
BRDA:59,1,0,1
BRDA:59,1,1,0
BRDA:60,2,0,1
BRDA:60,2,1,0
BRDA:61,3,0,1
BRDA:61,3,1,0
BRDA:62,4,0,1
BRDA:62,4,1,0
BRDA:63,5,0,1
BRDA:63,5,1,0
BRDA:64,6,0,1
BRDA:64,6,1,0
BRDA:89,7,0,2
BRDA:89,7,1,0
BRDA:90,8,0,2
BRDA:90,8,1,0
BRF:18
BRH:9
end_of_record
TN:
SF:src\pages\Landing.tsx
FN:10,(anonymous_1)
FNF:1
FNH:1
FNDA:1,(anonymous_1)
DA:2,1
DA:3,1
DA:10,1
DA:12,1
DA:24,1
LF:5
LH:5
BRF:0
BRH:0
end_of_record
